nohup: ignoring input
======================================================================
  Adaptive Triage Engine — Full Pipeline
======================================================================

[Pipeline] 29 files total → 23 train, 6 test
[Detector] Initialised XGBoost on cuda  (depth=8, lr=0.08, n_est=250)
[DataLoader] Found 23 data file(s)
[DataLoader] Reading: Botnet-Friday-02-03-2018_TrafficForML_CICFlowMeter.parquet
[DataLoader]   chunk 1 (.parquet): 500,000 rows
[DataLoader]   chunk 2 (.parquet): 271,587 rows
[DataLoader] Reading: Bruteforce-Wednesday-14-02-2018_TrafficForML_CICFlowMeter.parquet
[DataLoader]   chunk 3 (.parquet): 500,000 rows
  [Train] Chunk 0: acc=0.9984  threat_rate=28.91%
[DataLoader]   chunk 4 (.parquet): 119,346 rows
  [Train] Chunk 1: skipped (single class)
[DataLoader] Reading: DDoS1-Tuesday-20-02-2018_TrafficForML_CICFlowMeter.parquet
[DataLoader]   chunk 5 (.parquet): 500,000 rows
  [Train] Chunk 2: acc=0.9952  threat_rate=18.82%
[DataLoader]   chunk 6 (.parquet): 454,846 rows
  [Train] Chunk 3: skipped (single class)
[DataLoader] Reading: DDoS2-Wednesday-21-02-2018_TrafficForML_CICFlowMeter.parquet
[DataLoader]   chunk 7 (.parquet): 500,000 rows
  [Train] Chunk 4: acc=0.0022  threat_rate=99.76%
[DataLoader]   chunk 8 (.parquet): 61,396 rows
  [Train] Chunk 5: acc=0.8293  threat_rate=16.84%
[DataLoader] Reading: DoS1-Thursday-15-02-2018_TrafficForML_CICFlowMeter.parquet
[DataLoader]   chunk 9 (.parquet): 500,000 rows
  [Train] Chunk 6: acc=0.6000  threat_rate=39.97%
[DataLoader]   chunk 10 (.parquet): 294,812 rows
  [Train] Chunk 7: acc=0.9880  threat_rate=1.19%
[DataLoader] Reading: DoS2-Friday-16-02-2018_TrafficForML_CICFlowMeter.parquet
[DataLoader]   chunk 11 (.parquet): 500,000 rows
  [Train] Chunk 8: acc=0.9966  threat_rate=10.26%
[DataLoader]   chunk 12 (.parquet): 91,873 rows
  [Train] Chunk 9: skipped (single class)
[DataLoader] Reading: Infil1-Wednesday-28-02-2018_TrafficForML_CICFlowMeter.parquet
[DataLoader]   chunk 13 (.parquet): 456,873 rows
  [Train] Chunk 10: acc=0.7417  threat_rate=25.85%
[DataLoader] Reading: Infil2-Thursday-01-03-2018_TrafficForML_CICFlowMeter.parquet
[DataLoader]   chunk 14 (.parquet): 249,170 rows
  [Train] Chunk 11: acc=0.8256  threat_rate=17.44%
[DataLoader] Reading: Web1-Thursday-22-02-2018_TrafficForML_CICFlowMeter.parquet
[DataLoader]   chunk 15 (.parquet): 500,000 rows
  [Train] Chunk 12: acc=0.8715  threat_rate=12.36%
[DataLoader]   chunk 16 (.parquet): 330,224 rows
  [Train] Chunk 13: acc=0.7571  threat_rate=24.90%
[DataLoader] Reading: Web2-Friday-23-02-2018_TrafficForML_CICFlowMeter.parquet
[DataLoader]   chunk 17 (.parquet): 500,000 rows
  [Train] Chunk 14: acc=0.9988  threat_rate=0.07%
[DataLoader]   chunk 18 (.parquet): 329,405 rows
  [Train] Chunk 15: skipped (single class)
[DataLoader] Reading: bccc-cpacket-cloud-ddos-2024-merged.parquet
[DataLoader]   chunk 19 (.parquet): 500,000 rows
  [Train] Chunk 16: acc=0.9982  threat_rate=0.11%
[DataLoader]   chunk 20 (.parquet): 40,494 rows
  [Train] Chunk 17: skipped (single class)
[DataLoader] Reading: botnet_ares.csv
[DataLoader]   chunk 21 (.csv): 5,508 rows
  [Train] Chunk 18: acc=0.6405  threat_rate=35.95%
[DataLoader] Reading: ddos_loit.csv
[DataLoader]   chunk 22 (.csv): 95,733 rows
  [Train] Chunk 19: acc=0.7145  threat_rate=28.55%
[DataLoader] Reading: dos_golden_eye.csv
[DataLoader]   chunk 23 (.csv): 8,364 rows
  [Train] Chunk 20: skipped (single class)
[DataLoader] Reading: dos_hulk.csv
[DataLoader]   chunk 24 (.csv): 349,240 rows
  [Train] Chunk 21: skipped (single class)
[DataLoader] Reading: dos_slowhttptest.csv
[DataLoader]   chunk 25 (.csv): 6,860 rows
  [Train] Chunk 22: skipped (single class)
[DataLoader] Reading: dos_slowloris.csv
[DataLoader]   chunk 26 (.csv): 5,177 rows
  [Train] Chunk 23: skipped (single class)
[DataLoader] Reading: friday_benign.csv
[DataLoader]   chunk 27 (.csv): 364,102 rows
  [Train] Chunk 24: skipped (single class)
[DataLoader] Reading: ftp_patator.csv
[DataLoader]   chunk 28 (.csv): 9,531 rows
  [Train] Chunk 25: skipped (single class)
[DataLoader] Reading: heartbleed.csv
[DataLoader]   chunk 29 (.csv): 12 rows
  [Train] Chunk 26: skipped (single class)
[DataLoader] Reading: monday_benign.csv
[DataLoader]   chunk 30 (.csv): 495,338 rows
  [Train] Chunk 27: skipped (single class)
[DataLoader] Reading: portscan.csv
[DataLoader]   chunk 31 (.csv): 161,323 rows
  [Train] Chunk 28: skipped (single class)
[DataLoader] Reading: ssh_patator-new.csv
[DataLoader]   chunk 32 (.csv): 5,949 rows
  [Train] Chunk 29: skipped (single class)
[DataLoader] Done — yielded 32 total chunk(s).
  [Validation] 2 chunks, acc=0.0000
  [Features] Top-5 importance: Fwd Seg Size Min, Flow IAT Mean, Flow Duration, Flow IAT Std, Bwd IAT Max
[Detector] Model saved → /home/darsh_run/DS_Final/sentinel_ds/output/detector.json
[Features] Scaler saved → /home/darsh_run/DS_Final/sentinel_ds/output/scaler.joblib
[Detector] Initialised XGBoost on cuda  (depth=8, lr=0.08, n_est=250)
[DataLoader] Found 23 data file(s)
[DataLoader] Reading: Botnet-Friday-02-03-2018_TrafficForML_CICFlowMeter.parquet
[DataLoader]   chunk 1 (.parquet): 500,000 rows
[DataLoader]   chunk 2 (.parquet): 271,587 rows
[DataLoader] Reading: Bruteforce-Wednesday-14-02-2018_TrafficForML_CICFlowMeter.parquet
[DataLoader]   chunk 3 (.parquet): 500,000 rows
[DataLoader]   chunk 4 (.parquet): 119,346 rows
[DataLoader] Reading: DDoS1-Tuesday-20-02-2018_TrafficForML_CICFlowMeter.parquet
[DataLoader]   chunk 5 (.parquet): 500,000 rows
[DataLoader]   chunk 6 (.parquet): 454,846 rows
[DataLoader] Reading: DDoS2-Wednesday-21-02-2018_TrafficForML_CICFlowMeter.parquet
[DataLoader]   chunk 7 (.parquet): 500,000 rows
[DataLoader]   chunk 8 (.parquet): 61,396 rows
[DataLoader] Reading: DoS1-Thursday-15-02-2018_TrafficForML_CICFlowMeter.parquet
[DataLoader]   chunk 9 (.parquet): 500,000 rows
[DataLoader]   chunk 10 (.parquet): 294,812 rows
[DataLoader] Reading: DoS2-Friday-16-02-2018_TrafficForML_CICFlowMeter.parquet
[DataLoader]   chunk 11 (.parquet): 500,000 rows
[DataLoader]   chunk 12 (.parquet): 91,873 rows
[DataLoader] Reading: Infil1-Wednesday-28-02-2018_TrafficForML_CICFlowMeter.parquet
[DataLoader]   chunk 13 (.parquet): 456,873 rows
[DataLoader] Reading: Infil2-Thursday-01-03-2018_TrafficForML_CICFlowMeter.parquet
[DataLoader]   chunk 14 (.parquet): 249,170 rows
[DataLoader] Reading: Web1-Thursday-22-02-2018_TrafficForML_CICFlowMeter.parquet
[DataLoader]   chunk 15 (.parquet): 500,000 rows
[DataLoader]   chunk 16 (.parquet): 330,224 rows
[DataLoader] Reading: Web2-Friday-23-02-2018_TrafficForML_CICFlowMeter.parquet
[DataLoader]   chunk 17 (.parquet): 500,000 rows
[DataLoader]   chunk 18 (.parquet): 329,405 rows
[DataLoader] Reading: bccc-cpacket-cloud-ddos-2024-merged.parquet
[DataLoader]   chunk 19 (.parquet): 500,000 rows
[DataLoader]   chunk 20 (.parquet): 40,494 rows
[DataLoader] Reading: botnet_ares.csv
[DataLoader]   chunk 21 (.csv): 5,508 rows
[DataLoader] Reading: ddos_loit.csv
[DataLoader]   chunk 22 (.csv): 95,733 rows
[DataLoader] Reading: dos_golden_eye.csv
[DataLoader]   chunk 23 (.csv): 8,364 rows
[DataLoader] Reading: dos_hulk.csv
[DataLoader]   chunk 24 (.csv): 349,240 rows
[DataLoader] Reading: dos_slowhttptest.csv
[DataLoader]   chunk 25 (.csv): 6,860 rows
[DataLoader] Reading: dos_slowloris.csv
[DataLoader]   chunk 26 (.csv): 5,177 rows
[DataLoader] Reading: friday_benign.csv
[DataLoader]   chunk 27 (.csv): 364,102 rows
[DataLoader] Reading: ftp_patator.csv
[DataLoader]   chunk 28 (.csv): 9,531 rows
[DataLoader] Reading: heartbleed.csv
[DataLoader]   chunk 29 (.csv): 12 rows
[DataLoader] Reading: monday_benign.csv
[DataLoader]   chunk 30 (.csv): 495,338 rows
[DataLoader] Reading: portscan.csv
[DataLoader]   chunk 31 (.csv): 161,323 rows
[DataLoader] Reading: ssh_patator-new.csv
[DataLoader]   chunk 32 (.csv): 5,949 rows
[DataLoader] Done — yielded 32 total chunk(s).
[Detector] Model saved → /home/darsh_run/DS_Final/sentinel_ds/output/web_detector.json
  [WebDet] Trained on 2 web-filtered chunks → web_detector.json
  [Calib] Reservoir: 220572 rows from 31 chunks
[Detector] Calibration fitted  (val_size=220572, label_rate=0.261, cal_mean=0.261)
[Detector] Calibrator saved → /home/darsh_run/DS_Final/sentinel_ds/output/calibrator.joblib
[Detector] Calibration fitted  (val_size=23094, label_rate=0.615, cal_mean=0.615)
[Detector] Calibrator saved → /home/darsh_run/DS_Final/sentinel_ds/output/web_calibrator.joblib
[Bandit] Q-table loaded ← /home/darsh_run/DS_Final/sentinel_ds/output  shape=(20, 20, 5, 3, 3)  visits=8,378,235
[DataLoader] Found 6 data file(s)
[DataLoader] Reading: thursday_benign.csv
[DataLoader]   chunk 1 (.csv): 133,770 rows
  [Sim] step    5,000  ε=0.9718  cum_R=       1,365  P=0.000  R=0.000  F1=0.000
  [Sim] step   10,000  ε=0.2865  cum_R=      -5,100  P=0.000  R=0.000  F1=0.000
  [Sim] step   15,000  ε=0.1561  cum_R=      14,580  P=0.000  R=0.000  F1=0.000
  [Sim] step   20,000  ε=0.1115  cum_R=      40,460  P=0.000  R=0.000  F1=0.000
  [Sim] step   25,000  ε=0.0869  cum_R=      59,980  P=0.000  R=0.000  F1=0.000
  [Sim] step   30,000  ε=0.0719  cum_R=      79,460  P=0.000  R=0.000  F1=0.000
  [Sim] step   35,000  ε=0.1776  cum_R=      97,020  P=0.000  R=0.000  F1=0.000
  [Sim] step   40,000  ε=0.0531  cum_R=     119,860  P=0.000  R=0.000  F1=0.000
  [Sim] step   45,000  ε=0.1493  cum_R=     138,780  P=0.000  R=0.000  F1=0.000
  [Sim] step   50,000  ε=0.0419  cum_R=     164,700  P=0.000  R=0.000  F1=0.000
  [Sim] step   55,000  ε=0.0760  cum_R=     187,620  P=0.000  R=0.000  F1=0.000
  [Sim] step   60,000  ε=0.0345  cum_R=     214,740  P=0.000  R=0.000  F1=0.000
  [Sim] step   65,000  ε=0.0317  cum_R=     241,060  P=0.000  R=0.000  F1=0.000
  [Sim] step   70,000  ε=0.2256  cum_R=     263,900  P=0.000  R=0.000  F1=0.000
  [Sim] step   75,000  ε=0.1001  cum_R=     283,460  P=0.000  R=0.000  F1=0.000
  [Sim] step   80,000  ε=0.0257  cum_R=     304,820  P=0.000  R=0.000  F1=0.000
  [Sim] step   85,000  ε=0.0501  cum_R=     322,020  P=0.000  R=0.000  F1=0.000
  [Sim] step   90,000  ε=0.0233  cum_R=     348,260  P=0.000  R=0.000  F1=0.000
  [Sim] step   95,000  ε=0.0216  cum_R=     378,500  P=0.000  R=0.000  F1=0.000
  [Sim] step  100,000  ε=0.0200  cum_R=     416,420  P=0.000  R=0.000  F1=0.000
  [Sim] step  105,000  ε=0.1543  cum_R=     455,540  P=0.000  R=0.000  F1=0.000
  [Sim] step  110,000  ε=0.0175  cum_R=     491,420  P=0.000  R=0.000  F1=0.000
  [Sim] step  115,000  ε=0.0165  cum_R=     523,420  P=0.000  R=0.000  F1=0.000
  [Sim] step  120,000  ε=0.0156  cum_R=     558,460  P=0.000  R=0.000  F1=0.000
  [Sim] step  125,000  ε=0.0150  cum_R=     578,540  P=0.000  R=0.000  F1=0.000
  [Sim] step  130,000  ε=0.0100  cum_R=     609,100  P=0.000  R=0.000  F1=0.000
[DataLoader] Reading: tuesday_benign.csv
[DataLoader]   chunk 2 (.csv): 395,976 rows
  [Sim] step  135,000  ε=0.5382  cum_R=     638,215  P=0.000  R=0.000  F1=0.000
  [Sim] step  140,000  ε=0.5754  cum_R=     662,290  P=0.000  R=0.000  F1=0.000
  [Sim] step  145,000  ε=0.2820  cum_R=     681,170  P=0.000  R=0.000  F1=0.000
  [Sim] step  150,000  ε=0.2208  cum_R=     692,090  P=0.000  R=0.000  F1=0.000
  [Sim] step  155,000  ε=0.1780  cum_R=     696,575  P=0.000  R=0.000  F1=0.000
  [Sim] step  160,000  ε=0.2162  cum_R=     688,145  P=0.000  R=0.000  F1=0.000
  [Sim] step  165,000  ε=0.0685  cum_R=     704,505  P=0.000  R=0.000  F1=0.000
  [Sim] step  170,000  ε=0.0582  cum_R=     732,825  P=0.000  R=0.000  F1=0.000
  [Sim] step  175,000  ε=0.0497  cum_R=     752,425  P=0.000  R=0.000  F1=0.000
  [Sim] step  180,000  ε=0.8666  cum_R=     778,545  P=0.000  R=0.000  F1=0.000
  [Sim] step  185,000  ε=0.0400  cum_R=     805,225  P=0.000  R=0.000  F1=0.000
  [Sim] step  190,000  ε=0.0364  cum_R=     834,425  P=0.000  R=0.000  F1=0.000
  [Sim] step  195,000  ε=0.0691  cum_R=     858,105  P=0.000  R=0.000  F1=0.000
  [Sim] step  200,000  ε=0.0311  cum_R=     877,705  P=0.000  R=0.000  F1=0.000
  [Sim] step  205,000  ε=0.1038  cum_R=     903,465  P=0.000  R=0.000  F1=0.000
  [Sim] step  210,000  ε=0.0976  cum_R=     922,425  P=0.000  R=0.000  F1=0.000
  [Sim] step  215,000  ε=0.0253  cum_R=     935,865  P=0.000  R=0.000  F1=0.000
  [Sim] step  220,000  ε=0.0499  cum_R=     951,465  P=0.000  R=0.000  F1=0.000
  [Sim] step  225,000  ε=0.0224  cum_R=     969,465  P=0.000  R=0.000  F1=0.000
  [Sim] step  230,000  ε=0.6086  cum_R=     988,625  P=0.000  R=0.000  F1=0.000
  [Sim] step  235,000  ε=0.0100  cum_R=     999,585  P=0.000  R=0.000  F1=0.000
  [Sim] step  240,000  ε=0.0421  cum_R=   1,028,185  P=0.000  R=0.000  F1=0.000
  [Sim] step  245,000  ε=0.0405  cum_R=   1,042,145  P=0.000  R=0.000  F1=0.000
  [Sim] step  250,000  ε=0.0388  cum_R=   1,064,385  P=0.000  R=0.000  F1=0.000
  [Sim] step  255,000  ε=0.0173  cum_R=   1,094,185  P=0.000  R=0.000  F1=0.000
  [Sim] step  260,000  ε=0.0356  cum_R=   1,125,705  P=0.000  R=0.000  F1=0.000
  [Sim] step  265,000  ε=0.0344  cum_R=   1,155,305  P=0.000  R=0.000  F1=0.000
  [Sim] step  270,000  ε=0.0154  cum_R=   1,186,465  P=0.000  R=0.000  F1=0.000
  [Sim] step  275,000  ε=0.0318  cum_R=   1,217,945  P=0.000  R=0.000  F1=0.000
  [Sim] step  280,000  ε=0.0558  cum_R=   1,247,105  P=0.000  R=0.000  F1=0.000
  [Sim] step  285,000  ε=0.0100  cum_R=   1,275,105  P=0.000  R=0.000  F1=0.000
  [Sim] step  290,000  ε=0.0137  cum_R=   1,310,745  P=0.000  R=0.000  F1=0.000
  [Sim] step  295,000  ε=0.0133  cum_R=   1,336,025  P=0.000  R=0.000  F1=0.000
  [Sim] step  300,000  ε=0.0515  cum_R=   1,368,225  P=0.000  R=0.000  F1=0.000
  [Sim] step  305,000  ε=0.0100  cum_R=   1,393,625  P=0.000  R=0.000  F1=0.000
  [Sim] step  310,000  ε=0.0123  cum_R=   1,423,545  P=0.000  R=0.000  F1=0.000
  [Sim] step  315,000  ε=0.0120  cum_R=   1,458,265  P=0.000  R=0.000  F1=0.000
  [Sim] step  320,000  ε=0.0119  cum_R=   1,494,265  P=0.000  R=0.000  F1=0.000
  [Sim] step  325,000  ε=0.0243  cum_R=   1,524,625  P=0.000  R=0.000  F1=0.000
  [Sim] step  330,000  ε=0.0100  cum_R=   1,542,225  P=0.000  R=0.000  F1=0.000
  [Sim] step  335,000  ε=0.0445  cum_R=   1,566,465  P=0.000  R=0.000  F1=0.000
  [Sim] step  340,000  ε=0.0107  cum_R=   1,586,425  P=0.000  R=0.000  F1=0.000
  [Sim] step  345,000  ε=0.0104  cum_R=   1,594,265  P=0.000  R=0.000  F1=0.000
  [Sim] step  350,000  ε=0.0102  cum_R=   1,609,265  P=0.000  R=0.000  F1=0.000
  [Sim] step  355,000  ε=0.0100  cum_R=   1,623,345  P=0.000  R=0.000  F1=0.000
  [Sim] step  360,000  ε=0.0100  cum_R=   1,643,305  P=0.000  R=0.000  F1=0.000
  [Sim] step  365,000  ε=0.0200  cum_R=   1,665,465  P=0.000  R=0.000  F1=0.000
  [Sim] step  370,000  ε=0.0100  cum_R=   1,694,905  P=0.000  R=0.000  F1=0.000
  [Sim] step  375,000  ε=0.0491  cum_R=   1,720,305  P=0.000  R=0.000  F1=0.000
  [Sim] step  380,000  ε=0.0468  cum_R=   1,756,265  P=0.000  R=0.000  F1=0.000
  [Sim] step  385,000  ε=0.0184  cum_R=   1,788,145  P=0.000  R=0.000  F1=0.000
  [Sim] step  390,000  ε=0.0100  cum_R=   1,806,505  P=0.000  R=0.000  F1=0.000
  [Sim] step  395,000  ε=0.2780  cum_R=   1,837,945  P=0.000  R=0.000  F1=0.000
  [Sim] step  400,000  ε=0.0342  cum_R=   1,869,025  P=0.000  R=0.000  F1=0.000
  [Sim] step  405,000  ε=0.0100  cum_R=   1,899,385  P=0.000  R=0.000  F1=0.000
  [Sim] step  410,000  ε=0.0100  cum_R=   1,923,945  P=0.000  R=0.000  F1=0.000
  [Sim] step  415,000  ε=0.0100  cum_R=   1,956,825  P=0.000  R=0.000  F1=0.000
  [Sim] step  420,000  ε=0.0100  cum_R=   1,982,985  P=0.000  R=0.000  F1=0.000
  [Sim] step  425,000  ε=0.1425  cum_R=   2,005,905  P=0.000  R=0.000  F1=0.000
  [Sim] step  430,000  ε=0.0100  cum_R=   2,024,025  P=0.000  R=0.000  F1=0.000
  [Sim] step  435,000  ε=0.0154  cum_R=   2,052,265  P=0.000  R=0.000  F1=0.000
  [Sim] step  440,000  ε=0.2493  cum_R=   2,087,625  P=0.000  R=0.000  F1=0.000
  [Sim] step  445,000  ε=0.0350  cum_R=   2,118,825  P=0.000  R=0.000  F1=0.000
  [Sim] step  450,000  ε=0.0100  cum_R=   2,144,505  P=0.000  R=0.000  F1=0.000
  [Sim] step  455,000  ε=0.0100  cum_R=   2,149,105  P=0.000  R=0.000  F1=0.000
  [Sim] step  460,000  ε=0.0100  cum_R=   2,172,025  P=0.000  R=0.000  F1=0.000
  [Sim] step  465,000  ε=0.0100  cum_R=   2,192,025  P=0.000  R=0.000  F1=0.000
  [Sim] step  470,000  ε=0.0100  cum_R=   2,226,185  P=0.000  R=0.000  F1=0.000
  [Sim] step  475,000  ε=0.0100  cum_R=   2,257,625  P=0.000  R=0.000  F1=0.000
  [Sim] step  480,000  ε=0.3926  cum_R=   2,297,385  P=0.000  R=0.000  F1=0.000
  [Sim] step  485,000  ε=0.0100  cum_R=   2,336,185  P=0.000  R=0.000  F1=0.000
  [Sim] step  490,000  ε=0.0100  cum_R=   2,373,425  P=0.000  R=0.000  F1=0.000
  [Sim] step  495,000  ε=0.0100  cum_R=   2,401,745  P=0.000  R=0.000  F1=0.000
  [Sim] step  500,000  ε=0.0100  cum_R=   2,432,265  P=0.000  R=0.000  F1=0.000
  [Sim] step  505,000  ε=0.0310  cum_R=   2,473,065  P=0.000  R=0.000  F1=0.000
  [Sim] step  510,000  ε=0.0129  cum_R=   2,517,065  P=0.000  R=0.000  F1=0.000
  [Sim] step  515,000  ε=0.0100  cum_R=   2,558,865  P=0.000  R=0.000  F1=0.000
  [Sim] step  520,000  ε=0.0291  cum_R=   2,594,425  P=0.000  R=0.000  F1=0.000
  [Sim] step  525,000  ε=0.0100  cum_R=   2,633,145  P=0.000  R=0.000  F1=0.000
[DataLoader] Reading: web_brute_force.csv
[DataLoader]   chunk 3 (.csv): 2,734 rows
  [Sim] step  530,000  ε=0.8621  cum_R=   2,713,957  P=0.786  R=1.000  F1=0.880
[DataLoader] Reading: web_sql_injection.csv
[DataLoader]   chunk 4 (.csv): 24 rows
[DataLoader] Reading: web_xss.csv
[DataLoader]   chunk 5 (.csv): 1,358 rows
[DataLoader] Reading: wednesday_benign.csv
[DataLoader]   chunk 6 (.csv): 397,053 rows
  [Sim] step  535,000  ε=0.7267  cum_R=   3,387,278  P=0.976  R=0.999  F1=0.987
  [Sim] step  540,000  ε=0.5605  cum_R=   3,377,068  P=0.976  R=0.999  F1=0.987
  [Sim] step  545,000  ε=0.2958  cum_R=   3,397,068  P=0.976  R=0.999  F1=0.987
  [Sim] step  550,000  ε=0.1988  cum_R=   3,415,188  P=0.976  R=0.999  F1=0.987
  [Sim] step  555,000  ε=0.1611  cum_R=   3,434,588  P=0.976  R=0.999  F1=0.987
  [Sim] step  560,000  ε=0.3741  cum_R=   3,454,308  P=0.976  R=0.999  F1=0.987
  [Sim] step  565,000  ε=0.2131  cum_R=   3,483,628  P=0.976  R=0.999  F1=0.987
  [Sim] step  570,000  ε=0.1910  cum_R=   3,507,468  P=0.976  R=0.999  F1=0.987
  [Sim] step  575,000  ε=0.0561  cum_R=   3,540,308  P=0.976  R=0.999  F1=0.987
  [Sim] step  580,000  ε=0.0877  cum_R=   3,546,228  P=0.976  R=0.999  F1=0.987
  [Sim] step  585,000  ε=0.0437  cum_R=   3,565,748  P=0.976  R=0.999  F1=0.987
  [Sim] step  590,000  ε=0.0767  cum_R=   3,573,468  P=0.976  R=0.999  F1=0.987
  [Sim] step  595,000  ε=0.3347  cum_R=   3,578,628  P=0.976  R=0.999  F1=0.987
  [Sim] step  600,000  ε=0.0332  cum_R=   3,587,828  P=0.976  R=0.999  F1=0.987
  [Sim] step  605,000  ε=0.0298  cum_R=   3,619,308  P=0.976  R=0.999  F1=0.987
  [Sim] step  610,000  ε=0.0611  cum_R=   3,652,628  P=0.976  R=0.999  F1=0.987
  [Sim] step  615,000  ε=0.0246  cum_R=   3,687,188  P=0.976  R=0.999  F1=0.987
  [Sim] step  620,000  ε=0.0564  cum_R=   3,713,188  P=0.976  R=0.999  F1=0.987
  [Sim] step  625,000  ε=0.2778  cum_R=   3,735,268  P=0.976  R=0.999  F1=0.987
  [Sim] step  630,000  ε=0.0196  cum_R=   3,759,748  P=0.976  R=0.999  F1=0.987
  [Sim] step  635,000  ε=0.0790  cum_R=   3,784,708  P=0.976  R=0.999  F1=0.987
  [Sim] step  640,000  ε=0.0178  cum_R=   3,805,668  P=0.976  R=0.999  F1=0.987
  [Sim] step  645,000  ε=0.0723  cum_R=   3,829,828  P=0.976  R=0.999  F1=0.987
  [Sim] step  650,000  ε=0.1776  cum_R=   3,849,748  P=0.976  R=0.999  F1=0.987
  [Sim] step  655,000  ε=0.0158  cum_R=   3,877,268  P=0.976  R=0.999  F1=0.987
  [Sim] step  660,000  ε=0.0155  cum_R=   3,892,028  P=0.976  R=0.999  F1=0.987
  [Sim] step  665,000  ε=0.0151  cum_R=   3,912,428  P=0.976  R=0.999  F1=0.987
  [Sim] step  670,000  ε=0.0145  cum_R=   3,931,788  P=0.976  R=0.999  F1=0.987
  [Sim] step  675,000  ε=0.0100  cum_R=   3,960,908  P=0.976  R=0.999  F1=0.987
  [Sim] step  680,000  ε=0.1204  cum_R=   3,975,748  P=0.976  R=0.999  F1=0.987
  [Sim] step  685,000  ε=0.0134  cum_R=   4,003,908  P=0.976  R=0.999  F1=0.987
  [Sim] step  690,000  ε=0.1045  cum_R=   4,034,468  P=0.976  R=0.999  F1=0.987
  [Sim] step  695,000  ε=0.0127  cum_R=   4,058,468  P=0.976  R=0.999  F1=0.987
  [Sim] step  700,000  ε=0.3948  cum_R=   4,079,068  P=0.976  R=0.999  F1=0.987
  [Sim] step  705,000  ε=0.0918  cum_R=   4,110,188  P=0.976  R=0.999  F1=0.987
  [Sim] step  710,000  ε=0.0117  cum_R=   4,131,708  P=0.976  R=0.999  F1=0.987
  [Sim] step  715,000  ε=0.0113  cum_R=   4,160,428  P=0.976  R=0.999  F1=0.987
  [Sim] step  720,000  ε=0.0110  cum_R=   4,176,468  P=0.976  R=0.999  F1=0.987
  [Sim] step  725,000  ε=0.0107  cum_R=   4,196,988  P=0.976  R=0.999  F1=0.987
  [Sim] step  730,000  ε=0.0104  cum_R=   4,224,508  P=0.976  R=0.999  F1=0.987
  [Sim] step  735,000  ε=0.0234  cum_R=   4,255,908  P=0.976  R=0.999  F1=0.987
  [Sim] step  740,000  ε=0.0100  cum_R=   4,288,668  P=0.976  R=0.999  F1=0.987
  [Sim] step  745,000  ε=0.0100  cum_R=   4,327,988  P=0.976  R=0.999  F1=0.987
  [Sim] step  750,000  ε=0.0100  cum_R=   4,359,348  P=0.976  R=0.999  F1=0.987
  [Sim] step  755,000  ε=0.1455  cum_R=   4,374,268  P=0.976  R=0.999  F1=0.987
  [Sim] step  760,000  ε=0.0100  cum_R=   4,383,428  P=0.976  R=0.999  F1=0.987
  [Sim] step  765,000  ε=0.0100  cum_R=   4,391,108  P=0.976  R=0.999  F1=0.987
  [Sim] step  770,000  ε=0.1315  cum_R=   4,410,548  P=0.976  R=0.999  F1=0.987
  [Sim] step  775,000  ε=0.0100  cum_R=   4,420,828  P=0.976  R=0.999  F1=0.987
  [Sim] step  780,000  ε=0.0100  cum_R=   4,434,388  P=0.976  R=0.999  F1=0.987
  [Sim] step  785,000  ε=0.0100  cum_R=   4,464,428  P=0.976  R=0.999  F1=0.987
  [Sim] step  790,000  ε=0.1623  cum_R=   4,484,148  P=0.976  R=0.999  F1=0.987
  [Sim] step  795,000  ε=0.0183  cum_R=   4,507,908  P=0.976  R=0.999  F1=0.987
  [Sim] step  800,000  ε=0.0100  cum_R=   4,540,068  P=0.976  R=0.999  F1=0.987
  [Sim] step  805,000  ε=0.0506  cum_R=   4,573,028  P=0.976  R=0.999  F1=0.987
  [Sim] step  810,000  ε=0.0482  cum_R=   4,600,668  P=0.976  R=0.999  F1=0.987
  [Sim] step  815,000  ε=0.0100  cum_R=   4,625,668  P=0.976  R=0.999  F1=0.987
  [Sim] step  820,000  ε=0.0169  cum_R=   4,656,588  P=0.976  R=0.999  F1=0.987
  [Sim] step  825,000  ε=0.0450  cum_R=   4,688,468  P=0.976  R=0.999  F1=0.987
  [Sim] step  830,000  ε=0.0100  cum_R=   4,718,348  P=0.976  R=0.999  F1=0.987
  [Sim] step  835,000  ε=0.0296  cum_R=   4,742,788  P=0.976  R=0.999  F1=0.987
  [Sim] step  840,000  ε=0.0100  cum_R=   4,765,508  P=0.976  R=0.999  F1=0.987
  [Sim] step  845,000  ε=0.0100  cum_R=   4,783,348  P=0.976  R=0.999  F1=0.987
  [Sim] step  850,000  ε=0.0100  cum_R=   4,804,068  P=0.976  R=0.999  F1=0.987
  [Sim] step  855,000  ε=0.0100  cum_R=   4,824,788  P=0.976  R=0.999  F1=0.987
  [Sim] step  860,000  ε=0.0100  cum_R=   4,842,868  P=0.976  R=0.999  F1=0.987
  [Sim] step  865,000  ε=0.0266  cum_R=   4,863,748  P=0.976  R=0.999  F1=0.987
  [Sim] step  870,000  ε=0.0100  cum_R=   4,889,148  P=0.976  R=0.999  F1=0.987
  [Sim] step  875,000  ε=0.0407  cum_R=   4,926,748  P=0.976  R=0.999  F1=0.987
  [Sim] step  880,000  ε=0.0100  cum_R=   4,964,948  P=0.976  R=0.999  F1=0.987
  [Sim] step  885,000  ε=0.0100  cum_R=   5,002,468  P=0.976  R=0.999  F1=0.987
  [Sim] step  890,000  ε=0.0100  cum_R=   5,035,388  P=0.976  R=0.999  F1=0.987
  [Sim] step  895,000  ε=0.0100  cum_R=   5,065,308  P=0.976  R=0.999  F1=0.987
  [Sim] step  900,000  ε=0.0985  cum_R=   5,104,908  P=0.976  R=0.999  F1=0.987
  [Sim] step  905,000  ε=0.0100  cum_R=   5,136,388  P=0.976  R=0.999  F1=0.987
  [Sim] step  910,000  ε=0.0100  cum_R=   5,178,308  P=0.976  R=0.999  F1=0.987
  [Sim] step  915,000  ε=0.0100  cum_R=   5,214,708  P=0.976  R=0.999  F1=0.987
  [Sim] step  920,000  ε=0.0100  cum_R=   5,248,828  P=0.976  R=0.999  F1=0.987
  [Sim] step  925,000  ε=0.0100  cum_R=   5,288,188  P=0.976  R=0.999  F1=0.987
  [Sim] step  930,000  ε=0.0100  cum_R=   5,326,308  P=0.976  R=0.999  F1=0.987
[DataLoader] Done — yielded 6 total chunk(s).

[Pipeline] Simulation done. 930,915 total steps.
  Final — P=0.9756  R=0.9988  F1=0.9870  Cum_R=5,333,858
[Bandit] Q-table saved → /home/darsh_run/DS_Final/sentinel_ds/output  shape=(20, 20, 5, 3, 3)
[Plot] Saved recall_precision.png
[Plot] Saved recall_precision_zoomed.png
[Plot] Saved cumulative_reward.png
[Plot] Saved action_distribution.png
